# JRE version: Java(TM) SE Runtime Environment (13.0.1+9) (build 13.0.1+9)
# Java VM: Java HotSpot(TM) 64-Bit Server VM (13.0.1+9, mixed mode, sharing, tiered, compressed oops, g1 gc, windows-amd64)
Heap:
 garbage-first heap   total 45056K, used 27303K [0x0000000083000000, 0x0000000100000000)
  region size 1024K, 22 young (22528K), 5 survivors (5120K)
 Metaspace       used 21623K, capacity 22265K, committed 22400K, reserved 1069056K
  class space    used 2615K, capacity 2868K, committed 2944K, reserved 1048576K
GC Heap History (6 events):
Event: 0.802 GC heap before
{Heap before GC invocations=0 (full 0):
 garbage-first heap   total 129024K, used 24576K [0x0000000083000000, 0x0000000100000000)
  region size 1024K, 24 young (24576K), 0 survivors (0K)
 Metaspace       used 8542K, capacity 8928K, committed 8960K, reserved 1056768K
  class space    used 920K, capacity 1008K, committed 1024K, reserved 1048576K
}
Event: 0.808 GC heap after
{Heap after GC invocations=1 (full 0):
 garbage-first heap   total 129024K, used 6194K [0x0000000083000000, 0x0000000100000000)
  region size 1024K, 3 young (3072K), 3 survivors (3072K)
 Metaspace       used 8542K, capacity 8928K, committed 8960K, reserved 1056768K
  class space    used 920K, capacity 1008K, committed 1024K, reserved 1048576K
}
Event: 1.167 GC heap before
{Heap before GC invocations=1 (full 0):
 garbage-first heap   total 129024K, used 28722K [0x0000000083000000, 0x0000000100000000)
  region size 1024K, 25 young (25600K), 3 survivors (3072K)
 Metaspace       used 13922K, capacity 14214K, committed 14336K, reserved 1062912K
  class space    used 1606K, capacity 1715K, committed 1792K, reserved 1048576K
}
Event: 1.171 GC heap after
{Heap after GC invocations=2 (full 0):
 garbage-first heap   total 129024K, used 8408K [0x0000000083000000, 0x0000000100000000)
  region size 1024K, 3 young (3072K), 3 survivors (3072K)
 Metaspace       used 13922K, capacity 14214K, committed 14336K, reserved 1062912K
  class space    used 1606K, capacity 1715K, committed 1792K, reserved 1048576K
}
Event: 2.154 GC heap before
{Heap before GC invocations=2 (full 0):
 garbage-first heap   total 129024K, used 36056K [0x0000000083000000, 0x0000000100000000)
  region size 1024K, 31 young (31744K), 3 survivors (3072K)
 Metaspace       used 20487K, capacity 21080K, committed 21248K, reserved 1067008K
  class space    used 2472K, capacity 2691K, committed 2816K, reserved 1048576K
}
Event: 2.159 GC heap after
{Heap after GC invocations=3 (full 0):
 garbage-first heap   total 129024K, used 10919K [0x0000000083000000, 0x0000000100000000)
  region size 1024K, 5 young (5120K), 5 survivors (5120K)
 Metaspace       used 20487K, capacity 21080K, committed 21248K, reserved 1067008K
  class space    used 2472K, capacity 2691K, committed 2816K, reserved 1048576K
}

