<?xml version="1.0" encoding="UTF-8"?>
<testng-results ignored="0" total="3" passed="2" failed="1" skipped="0">
  <reporter-output>
  </reporter-output>
  <suite started-at="2020-07-11T15:11:07 PDT" name="Default suite" finished-at="2020-07-11T15:13:38 PDT" duration-ms="151034">
    <groups>
      <group name="legacy">
        <method signature="TC00001_TC00010_verifyFormsRequiredInputs.verifyFormRequiredInputs(java.lang.String, java.lang.String, java.lang.String, java.lang.String, java.lang.String, java.lang.String, java.lang.String, java.lang.String, java.lang.String, java.lang.String, java.lang.String, java.lang.String, java.lang.String, java.lang.String, java.lang.String, java.lang.String)[pri:0, instance:backgroundCheck.feature.e2e.TC00001_TC00010_verifyFormsRequiredInputs@163e4e87]" name="verifyFormRequiredInputs" class="backgroundCheck.feature.e2e.TC00001_TC00010_verifyFormsRequiredInputs"/>
      </group> <!-- legacy -->
      <group name="regression">
        <method signature="TC00001_TC00010_verifyFormsRequiredInputs.verifyFormRequiredInputs(java.lang.String, java.lang.String, java.lang.String, java.lang.String, java.lang.String, java.lang.String, java.lang.String, java.lang.String, java.lang.String, java.lang.String, java.lang.String, java.lang.String, java.lang.String, java.lang.String, java.lang.String, java.lang.String)[pri:0, instance:backgroundCheck.feature.e2e.TC00001_TC00010_verifyFormsRequiredInputs@163e4e87]" name="verifyFormRequiredInputs" class="backgroundCheck.feature.e2e.TC00001_TC00010_verifyFormsRequiredInputs"/>
      </group> <!-- regression -->
      <group name="e2e">
        <method signature="TC00001_TC00010_verifyFormsRequiredInputs.verifyFormRequiredInputs(java.lang.String, java.lang.String, java.lang.String, java.lang.String, java.lang.String, java.lang.String, java.lang.String, java.lang.String, java.lang.String, java.lang.String, java.lang.String, java.lang.String, java.lang.String, java.lang.String, java.lang.String, java.lang.String)[pri:0, instance:backgroundCheck.feature.e2e.TC00001_TC00010_verifyFormsRequiredInputs@163e4e87]" name="verifyFormRequiredInputs" class="backgroundCheck.feature.e2e.TC00001_TC00010_verifyFormsRequiredInputs"/>
      </group> <!-- e2e -->
      <group name="priority1">
        <method signature="TC00001_TC00010_verifyFormsRequiredInputs.verifyFormRequiredInputs(java.lang.String, java.lang.String, java.lang.String, java.lang.String, java.lang.String, java.lang.String, java.lang.String, java.lang.String, java.lang.String, java.lang.String, java.lang.String, java.lang.String, java.lang.String, java.lang.String, java.lang.String, java.lang.String)[pri:0, instance:backgroundCheck.feature.e2e.TC00001_TC00010_verifyFormsRequiredInputs@163e4e87]" name="verifyFormRequiredInputs" class="backgroundCheck.feature.e2e.TC00001_TC00010_verifyFormsRequiredInputs"/>
      </group> <!-- priority1 -->
    </groups>
    <test started-at="2020-07-11T15:11:07 PDT" name="Default test" finished-at="2020-07-11T15:13:38 PDT" duration-ms="151034">
      <class name="backgroundCheck.feature.e2e.TC00001_TC00010_verifyFormsRequiredInputs">
        <test-method is-config="true" signature="initTestSuite()[pri:0, instance:backgroundCheck.feature.e2e.TC00001_TC00010_verifyFormsRequiredInputs@163e4e87]" started-at="2020-07-11T15:11:07 PDT" name="initTestSuite" finished-at="2020-07-11T15:11:07 PDT" duration-ms="18" status="PASS">
          <reporter-output>
          </reporter-output>
        </test-method> <!-- initTestSuite -->
        <test-method is-config="true" signature="initWebDriver(org.testng.ITestContext)[pri:0, instance:backgroundCheck.feature.e2e.TC00001_TC00010_verifyFormsRequiredInputs@163e4e87]" started-at="2020-07-11T15:11:08 PDT" name="initWebDriver" finished-at="2020-07-11T15:11:10 PDT" duration-ms="2498" status="PASS">
          <params>
            <param index="0">
              <value>
                <![CDATA[org.testng.TestRunner@70997a94]]>
              </value>
            </param>
          </params>
          <reporter-output>
          </reporter-output>
        </test-method> <!-- initWebDriver -->
        <test-method signature="verifyFormRequiredInputs(java.lang.String, java.lang.String, java.lang.String, java.lang.String, java.lang.String, java.lang.String, java.lang.String, java.lang.String, java.lang.String, java.lang.String, java.lang.String, java.lang.String, java.lang.String, java.lang.String, java.lang.String, java.lang.String)[pri:0, instance:backgroundCheck.feature.e2e.TC00001_TC00010_verifyFormsRequiredInputs@163e4e87]" started-at="2020-07-11T15:11:10 PDT" name="verifyFormRequiredInputs" data-provider="TC00001_TC00010_E2E" finished-at="2020-07-11T15:11:58 PDT" duration-ms="47502" status="PASS">
          <params>
            <param index="0">
              <value>
                <![CDATA[TC_00001]]>
              </value>
            </param>
            <param index="1">
              <value>
                <![CDATA[CONFIRMATION]]>
              </value>
            </param>
            <param index="2">
              <value>
                <![CDATA[Rodrigo]]>
              </value>
            </param>
            <param index="3">
              <value>
                <![CDATA[Moran]]>
              </value>
            </param>
            <param index="4">
              <value>
                <![CDATA[Gustavo]]>
              </value>
            </param>
            <param index="5">
              <value>
                <![CDATA[true]]>
              </value>
            </param>
            <param index="6">
              <value>
                <![CDATA[24]]>
              </value>
            </param>
            <param index="7">
              <value>
                <![CDATA[8]]>
              </value>
            </param>
            <param index="8">
              <value>
                <![CDATA[1990]]>
              </value>
            </param>
            <param index="9">
              <value>
                <![CDATA[M]]>
              </value>
            </param>
            <param index="10">
              <value>
                <![CDATA[111111111]]>
              </value>
            </param>
            <param index="11">
              <value>
                <![CDATA[12345]]>
              </value>
            </param>
            <param index="12">
              <value>
                <![CDATA[rodrotck@gmail.com]]>
              </value>
            </param>
            <param index="13">
              <value>
                <![CDATA[1234567890]]>
              </value>
            </param>
            <param index="14">
              <value>
                <![CDATA[TX]]>
              </value>
            </param>
            <param index="15">
              <value>
                <![CDATA[12345678]]>
              </value>
            </param>
          </params>
          <reporter-output>
          </reporter-output>
        </test-method> <!-- verifyFormRequiredInputs -->
        <test-method is-config="true" signature="closeConnections()[pri:0, instance:backgroundCheck.feature.e2e.TC00001_TC00010_verifyFormsRequiredInputs@163e4e87]" started-at="2020-07-11T15:11:58 PDT" name="closeConnections" finished-at="2020-07-11T15:11:58 PDT" duration-ms="717" status="PASS">
          <reporter-output>
          </reporter-output>
        </test-method> <!-- closeConnections -->
        <test-method is-config="true" signature="initWebDriver(org.testng.ITestContext)[pri:0, instance:backgroundCheck.feature.e2e.TC00001_TC00010_verifyFormsRequiredInputs@163e4e87]" started-at="2020-07-11T15:11:58 PDT" name="initWebDriver" finished-at="2020-07-11T15:12:00 PDT" duration-ms="2095" status="PASS">
          <params>
            <param index="0">
              <value>
                <![CDATA[org.testng.TestRunner@70997a94]]>
              </value>
            </param>
          </params>
          <reporter-output>
          </reporter-output>
        </test-method> <!-- initWebDriver -->
        <test-method signature="verifyFormRequiredInputs(java.lang.String, java.lang.String, java.lang.String, java.lang.String, java.lang.String, java.lang.String, java.lang.String, java.lang.String, java.lang.String, java.lang.String, java.lang.String, java.lang.String, java.lang.String, java.lang.String, java.lang.String, java.lang.String)[pri:0, instance:backgroundCheck.feature.e2e.TC00001_TC00010_verifyFormsRequiredInputs@163e4e87]" started-at="2020-07-11T15:12:00 PDT" name="verifyFormRequiredInputs" data-provider="TC00001_TC00010_E2E" finished-at="2020-07-11T15:12:44 PDT" duration-ms="43215" status="FAIL">
          <params>
            <param index="0">
              <value>
                <![CDATA[TC_00002]]>
              </value>
            </param>
            <param index="1">
              <value>
                <![CDATA[CONFIRMATION]]>
              </value>
            </param>
            <param index="2">
              <value>
                <![CDATA[Ayleen]]>
              </value>
            </param>
            <param index="3">
              <value>
                <![CDATA[Adler]]>
              </value>
            </param>
            <param index="4">
              <value>
                <![CDATA[]]>
              </value>
            </param>
            <param index="5">
              <value>
                <![CDATA[false]]>
              </value>
            </param>
            <param index="6">
              <value>
                <![CDATA[1]]>
              </value>
            </param>
            <param index="7">
              <value>
                <![CDATA[1]]>
              </value>
            </param>
            <param index="8">
              <value>
                <![CDATA[1988]]>
              </value>
            </param>
            <param index="9">
              <value>
                <![CDATA[F]]>
              </value>
            </param>
            <param index="10">
              <value>
                <![CDATA[111111111]]>
              </value>
            </param>
            <param index="11">
              <value>
                <![CDATA[12345]]>
              </value>
            </param>
            <param index="12">
              <value>
                <![CDATA[ayleen@turning.io]]>
              </value>
            </param>
            <param index="13">
              <value>
                <![CDATA[1234567890]]>
              </value>
            </param>
            <param index="14">
              <value>
                <![CDATA[AL]]>
              </value>
            </param>
            <param index="15">
              <value>
                <![CDATA[12345678]]>
              </value>
            </param>
          </params>
          <exception class="org.openqa.selenium.TimeoutException">
            <message>
              <![CDATA[Expected condition failed: waiting for visibility of Proxy element for: DefaultElementLocator 'By.xpath: //div[text()='Rights']' (tried for 10 second(s) with 500 milliseconds interval)]]>
            </message>
            <full-stacktrace>
              <![CDATA[org.openqa.selenium.TimeoutException: Expected condition failed: waiting for visibility of Proxy element for: DefaultElementLocator 'By.xpath: //div[text()='Rights']' (tried for 10 second(s) with 500 milliseconds interval)
at org.openqa.selenium.support.ui.WebDriverWait.timeoutException(WebDriverWait.java:95)
at org.openqa.selenium.support.ui.FluentWait.until(FluentWait.java:272)
at backgroundCheck.utils.WaitHelper.elementToBeVisible(WaitHelper.java:33)
at backgroundCheck.utils.FlowUtils.reachAndFillRightsStg(FlowUtils.java:153)
at backgroundCheck.utils.FlowUtils.reachFillAndMoveRightsStg(FlowUtils.java:162)
at backgroundCheck.utils.FlowUtils.reachAndFillDisclosureStg(FlowUtils.java:169)
at backgroundCheck.utils.FlowUtils.reachFillAndMoveDisclosureStg(FlowUtils.java:183)
at backgroundCheck.utils.FlowUtils.reachAndFillAuthorizationStg(FlowUtils.java:204)
at backgroundCheck.utils.FlowUtils.reachFillAndMoveAuthorizationStg(FlowUtils.java:231)
at backgroundCheck.utils.FlowUtils.reachStage(FlowUtils.java:41)
at backgroundCheck.feature.e2e.TC00001_TC00010_verifyFormsRequiredInputs.verifyFormRequiredInputs(TC00001_TC00010_verifyFormsRequiredInputs.java:48)
at java.base/jdk.internal.reflect.NativeMethodAccessorImpl.invoke0(Native Method)
at java.base/jdk.internal.reflect.NativeMethodAccessorImpl.invoke(NativeMethodAccessorImpl.java:62)
at java.base/jdk.internal.reflect.DelegatingMethodAccessorImpl.invoke(DelegatingMethodAccessorImpl.java:43)
at java.base/java.lang.reflect.Method.invoke(Method.java:567)
at org.testng.internal.MethodInvocationHelper.invokeMethod(MethodInvocationHelper.java:134)
at org.testng.internal.TestInvoker.invokeMethod(TestInvoker.java:597)
at org.testng.internal.TestInvoker.invokeTestMethod(TestInvoker.java:173)
at org.testng.internal.MethodRunner.runInSequence(MethodRunner.java:46)
at org.testng.internal.TestInvoker$MethodInvocationAgent.invoke(TestInvoker.java:816)
at org.testng.internal.TestInvoker.invokeTestMethods(TestInvoker.java:146)
at org.testng.internal.TestMethodWorker.invokeTestMethods(TestMethodWorker.java:146)
at org.testng.internal.TestMethodWorker.run(TestMethodWorker.java:128)
at java.base/java.util.ArrayList.forEach(ArrayList.java:1507)
at org.testng.TestRunner.privateRun(TestRunner.java:766)
at org.testng.TestRunner.run(TestRunner.java:587)
at org.testng.SuiteRunner.runTest(SuiteRunner.java:384)
at org.testng.SuiteRunner.runSequentially(SuiteRunner.java:378)
at org.testng.SuiteRunner.privateRun(SuiteRunner.java:337)
at org.testng.SuiteRunner.run(SuiteRunner.java:286)
at org.testng.SuiteRunnerWorker.runSuite(SuiteRunnerWorker.java:53)
at org.testng.SuiteRunnerWorker.run(SuiteRunnerWorker.java:96)
at org.testng.TestNG.runSuitesSequentially(TestNG.java:1187)
at org.testng.TestNG.runSuitesLocally(TestNG.java:1109)
at org.testng.TestNG.runSuites(TestNG.java:1039)
at org.testng.TestNG.run(TestNG.java:1007)
at org.testng.remote.AbstractRemoteTestNG.run(AbstractRemoteTestNG.java:115)
at org.testng.remote.RemoteTestNG.initAndRun(RemoteTestNG.java:251)
at org.testng.remote.RemoteTestNG.main(RemoteTestNG.java:77)
Caused by: org.openqa.selenium.NoSuchElementException: no such element: Unable to locate element: {"method":"xpath","selector":"//div[text()='Rights']"}
  (Session info: chrome=78.0.3904.70)
For documentation on this error, please visit: https://www.seleniumhq.org/exceptions/no_such_element.html
Build info: version: '3.141.59', revision: 'e82be7d358', time: '2018-11-14T08:17:03'
System info: host: 'LCASDSRMORA', ip: '192.168.0.4', os.name: 'Windows 10', os.arch: 'amd64', os.version: '10.0', java.version: '13.0.1'
Driver info: org.openqa.selenium.chrome.ChromeDriver
Capabilities {acceptInsecureCerts: false, browserName: chrome, browserVersion: 78.0.3904.70, chrome: {chromedriverVersion: 78.0.3904.70 (edb9c9f3de024..., userDataDir: C:\Users\RODRIG~1.MOR\AppDa...}, goog:chromeOptions: {debuggerAddress: localhost:51821}, javascriptEnabled: true, networkConnectionEnabled: false, pageLoadStrategy: normal, platform: XP, platformName: XP, proxy: Proxy(), setWindowRect: true, strictFileInteractability: false, timeouts: {implicit: 0, pageLoad: 300000, script: 30000}, unhandledPromptBehavior: dismiss and notify}
Session ID: 784269b88583a3a1805d86e4e9654266
*** Element info: {Using=xpath, value=//div[text()='Rights']}
at java.base/jdk.internal.reflect.NativeConstructorAccessorImpl.newInstance0(Native Method)
at java.base/jdk.internal.reflect.NativeConstructorAccessorImpl.newInstance(NativeConstructorAccessorImpl.java:62)
at java.base/jdk.internal.reflect.DelegatingConstructorAccessorImpl.newInstance(DelegatingConstructorAccessorImpl.java:45)
at java.base/java.lang.reflect.Constructor.newInstanceWithCaller(Constructor.java:500)
at java.base/java.lang.reflect.Constructor.newInstance(Constructor.java:481)
at org.openqa.selenium.remote.http.W3CHttpResponseCodec.createException(W3CHttpResponseCodec.java:187)
at org.openqa.selenium.remote.http.W3CHttpResponseCodec.decode(W3CHttpResponseCodec.java:122)
at org.openqa.selenium.remote.http.W3CHttpResponseCodec.decode(W3CHttpResponseCodec.java:49)
at org.openqa.selenium.remote.HttpCommandExecutor.execute(HttpCommandExecutor.java:158)
at org.openqa.selenium.remote.service.DriverCommandExecutor.execute(DriverCommandExecutor.java:83)
at org.openqa.selenium.remote.RemoteWebDriver.execute(RemoteWebDriver.java:552)
at org.openqa.selenium.remote.RemoteWebDriver.findElement(RemoteWebDriver.java:323)
at org.openqa.selenium.remote.RemoteWebDriver.findElementByXPath(RemoteWebDriver.java:428)
at org.openqa.selenium.By$ByXPath.findElement(By.java:353)
at org.openqa.selenium.remote.RemoteWebDriver.findElement(RemoteWebDriver.java:315)
at org.openqa.selenium.support.pagefactory.DefaultElementLocator.findElement(DefaultElementLocator.java:69)
at org.openqa.selenium.support.pagefactory.internal.LocatingElementHandler.invoke(LocatingElementHandler.java:38)
at com.sun.proxy.$Proxy18.isDisplayed(Unknown Source)
at org.openqa.selenium.support.ui.ExpectedConditions.elementIfVisible(ExpectedConditions.java:314)
at org.openqa.selenium.support.ui.ExpectedConditions.access$000(ExpectedConditions.java:43)
at org.openqa.selenium.support.ui.ExpectedConditions$10.apply(ExpectedConditions.java:300)
at org.openqa.selenium.support.ui.ExpectedConditions$10.apply(ExpectedConditions.java:297)
at org.openqa.selenium.support.ui.FluentWait.until(FluentWait.java:249)
... 37 more
]]>
            </full-stacktrace>
          </exception> <!-- org.openqa.selenium.TimeoutException -->
          <reporter-output>
          </reporter-output>
        </test-method> <!-- verifyFormRequiredInputs -->
        <test-method is-config="true" signature="closeConnections()[pri:0, instance:backgroundCheck.feature.e2e.TC00001_TC00010_verifyFormsRequiredInputs@163e4e87]" started-at="2020-07-11T15:12:44 PDT" name="closeConnections" finished-at="2020-07-11T15:12:45 PDT" duration-ms="790" status="PASS">
          <reporter-output>
          </reporter-output>
        </test-method> <!-- closeConnections -->
        <test-method is-config="true" signature="initWebDriver(org.testng.ITestContext)[pri:0, instance:backgroundCheck.feature.e2e.TC00001_TC00010_verifyFormsRequiredInputs@163e4e87]" started-at="2020-07-11T15:12:45 PDT" name="initWebDriver" finished-at="2020-07-11T15:12:47 PDT" duration-ms="2006" status="PASS">
          <params>
            <param index="0">
              <value>
                <![CDATA[org.testng.TestRunner@70997a94]]>
              </value>
            </param>
          </params>
          <reporter-output>
          </reporter-output>
        </test-method> <!-- initWebDriver -->
        <test-method signature="verifyFormRequiredInputs(java.lang.String, java.lang.String, java.lang.String, java.lang.String, java.lang.String, java.lang.String, java.lang.String, java.lang.String, java.lang.String, java.lang.String, java.lang.String, java.lang.String, java.lang.String, java.lang.String, java.lang.String, java.lang.String)[pri:0, instance:backgroundCheck.feature.e2e.TC00001_TC00010_verifyFormsRequiredInputs@163e4e87]" started-at="2020-07-11T15:12:47 PDT" name="verifyFormRequiredInputs" data-provider="TC00001_TC00010_E2E" finished-at="2020-07-11T15:13:38 PDT" duration-ms="50703" status="PASS">
          <params>
            <param index="0">
              <value>
                <![CDATA[TC_00003]]>
              </value>
            </param>
            <param index="1">
              <value>
                <![CDATA[CONFIRMATION]]>
              </value>
            </param>
            <param index="2">
              <value>
                <![CDATA[Jose]]>
              </value>
            </param>
            <param index="3">
              <value>
                <![CDATA[Vazquez]]>
              </value>
            </param>
            <param index="4">
              <value>
                <![CDATA[]]>
              </value>
            </param>
            <param index="5">
              <value>
                <![CDATA[false]]>
              </value>
            </param>
            <param index="6">
              <value>
                <![CDATA[15]]>
              </value>
            </param>
            <param index="7">
              <value>
                <![CDATA[10]]>
              </value>
            </param>
            <param index="8">
              <value>
                <![CDATA[1985]]>
              </value>
            </param>
            <param index="9">
              <value>
                <![CDATA[M]]>
              </value>
            </param>
            <param index="10">
              <value>
                <![CDATA[111111111]]>
              </value>
            </param>
            <param index="11">
              <value>
                <![CDATA[12345]]>
              </value>
            </param>
            <param index="12">
              <value>
                <![CDATA[jobs@turning.io]]>
              </value>
            </param>
            <param index="13">
              <value>
                <![CDATA[1234567890]]>
              </value>
            </param>
            <param index="14">
              <value>
                <![CDATA[LA]]>
              </value>
            </param>
            <param index="15">
              <value>
                <![CDATA[12345678]]>
              </value>
            </param>
          </params>
          <reporter-output>
          </reporter-output>
        </test-method> <!-- verifyFormRequiredInputs -->
        <test-method is-config="true" signature="closeConnections()[pri:0, instance:backgroundCheck.feature.e2e.TC00001_TC00010_verifyFormsRequiredInputs@163e4e87]" started-at="2020-07-11T15:13:38 PDT" name="closeConnections" finished-at="2020-07-11T15:13:38 PDT" duration-ms="737" status="PASS">
          <reporter-output>
          </reporter-output>
        </test-method> <!-- closeConnections -->
        <test-method is-config="true" signature="tearDown()[pri:0, instance:backgroundCheck.feature.e2e.TC00001_TC00010_verifyFormsRequiredInputs@163e4e87]" started-at="2020-07-11T15:13:39 PDT" name="tearDown" finished-at="2020-07-11T15:13:39 PDT" duration-ms="1" status="PASS">
          <reporter-output>
          </reporter-output>
        </test-method> <!-- tearDown -->
      </class> <!-- backgroundCheck.feature.e2e.TC00001_TC00010_verifyFormsRequiredInputs -->
    </test> <!-- Default test -->
  </suite> <!-- Default suite -->
</testng-results>
